Configuration file: /Users/charrogruver/Documents/VSCode/Blog/cgruver/_config.yml
To use retry middleware with Faraday v2.0+, install `faraday-retry` gem
            Source: /Users/charrogruver/Documents/VSCode/Blog/cgruver
       Destination: /Users/charrogruver/Documents/VSCode/Blog/cgruver/_site
 Incremental build: disabled. Enable with --incremental
      Generating... 
[33m        Pagination: Pagination is enabled, but I couldn't find an index.html page to use as the pagination template. Skipping pagination.[0m
       Jekyll Feed: Generating feed for posts
[33m   GitHub Metadata: No GitHub API authentication could be found. Some fields may be missing or have incorrect data.[0m
                    done in 3.503 seconds.
 Auto-regeneration: enabled for '/Users/charrogruver/Documents/VSCode/Blog/cgruver'
LiveReload address: http://127.0.0.1:35729
    Server address: http://127.0.0.1:4000/
  Server running... press ctrl-c to stop.
        LiveReload: Browser connected
      Regenerating: 1 file(s) changed at 2022-10-02 09:00:59
                    _drafts/2022-09-10-Quarkus-For-Architects-03.md
[33m        Pagination: Pagination is enabled, but I couldn't find an index.html page to use as the pagination template. Skipping pagination.[0m
       Jekyll Feed: Generating feed for posts
                    ...done in 2.556049 seconds.
                    
      Regenerating: 1 file(s) changed at 2022-10-02 09:21:11
                    _drafts/2022-09-10-Quarkus-For-Architects-03.md
[33m        Pagination: Pagination is enabled, but I couldn't find an index.html page to use as the pagination template. Skipping pagination.[0m
       Jekyll Feed: Generating feed for posts
                    ...done in 2.372019 seconds.
                    
      Regenerating: 1 file(s) changed at 2022-10-02 09:21:58
                    _drafts/2022-09-10-Quarkus-For-Architects-03.md
[33m        Pagination: Pagination is enabled, but I couldn't find an index.html page to use as the pagination template. Skipping pagination.[0m
       Jekyll Feed: Generating feed for posts
                    ...done in 2.314041 seconds.
                    
      Regenerating: 1 file(s) changed at 2022-10-02 09:46:47
                    _drafts/2022-09-10-Quarkus-For-Architects-03.md
[33m        Pagination: Pagination is enabled, but I couldn't find an index.html page to use as the pagination template. Skipping pagination.[0m
       Jekyll Feed: Generating feed for posts
                    ...done in 2.63751 seconds.
                    
      Regenerating: 1 file(s) changed at 2022-10-02 09:47:05
                    _drafts/2022-09-10-Quarkus-For-Architects-03.md
[33m        Pagination: Pagination is enabled, but I couldn't find an index.html page to use as the pagination template. Skipping pagination.[0m
       Jekyll Feed: Generating feed for posts
                    ...done in 2.510962 seconds.
                    
      Regenerating: 1 file(s) changed at 2022-10-02 09:49:00
                    _drafts/2022-09-10-Quarkus-For-Architects-03.md
[33m        Pagination: Pagination is enabled, but I couldn't find an index.html page to use as the pagination template. Skipping pagination.[0m
       Jekyll Feed: Generating feed for posts
                    ...done in 2.704344 seconds.
                    
      Regenerating: 1 file(s) changed at 2022-10-02 10:27:02
                    _unpublished/Notes.md
[33m        Pagination: Pagination is enabled, but I couldn't find an index.html page to use as the pagination template. Skipping pagination.[0m
       Jekyll Feed: Generating feed for posts
                    ...done in 2.47917 seconds.
                    
      Regenerating: 1 file(s) changed at 2022-10-02 10:27:25
                    _unpublished/Notes.md
[33m        Pagination: Pagination is enabled, but I couldn't find an index.html page to use as the pagination template. Skipping pagination.[0m
       Jekyll Feed: Generating feed for posts
                    ...done in 2.371511 seconds.
                    
Configuration file: /Users/charrogruver/Documents/VSCode/Blog/cgruver/_config.yml
To use retry middleware with Faraday v2.0+, install `faraday-retry` gem
            Source: /Users/charrogruver/Documents/VSCode/Blog/cgruver
       Destination: /Users/charrogruver/Documents/VSCode/Blog/cgruver/_site
 Incremental build: disabled. Enable with --incremental
      Generating... 
[33m        Pagination: Pagination is enabled, but I couldn't find an index.html page to use as the pagination template. Skipping pagination.[0m
       Jekyll Feed: Generating feed for posts
[33m   GitHub Metadata: No GitHub API authentication could be found. Some fields may be missing or have incorrect data.[0m
                    done in 2.974 seconds.
 Auto-regeneration: enabled for '/Users/charrogruver/Documents/VSCode/Blog/cgruver'
LiveReload address: http://127.0.0.1:35729
    Server address: http://127.0.0.1:4000/
  Server running... press ctrl-c to stop.
        LiveReload: Browser connected
      Regenerating: 1 file(s) changed at 2022-10-02 12:48:27
                    _unpublished/Notes.md
[33m        Pagination: Pagination is enabled, but I couldn't find an index.html page to use as the pagination template. Skipping pagination.[0m
       Jekyll Feed: Generating feed for posts
                    ...done in 3.361144 seconds.
                    
      Regenerating: 2 file(s) changed at 2022-10-02 13:13:46
                    _drafts/2022-10-02-Quarkus-For-Architects-03.md
                    _drafts/2022-09-10-Quarkus-For-Architects-03.md
[33m        Pagination: Pagination is enabled, but I couldn't find an index.html page to use as the pagination template. Skipping pagination.[0m
       Jekyll Feed: Generating feed for posts
                    ...done in 2.305787 seconds.
                    
      Regenerating: 1 file(s) changed at 2022-10-02 13:13:57
                    _drafts/2022-10-02-Quarkus-For-Architects-03.md
[33m        Pagination: Pagination is enabled, but I couldn't find an index.html page to use as the pagination template. Skipping pagination.[0m
       Jekyll Feed: Generating feed for posts
                    ...done in 2.289381 seconds.
                    
[2022-10-02 13:14:00] ERROR `/blog post/quarkus series/2022/09/10/Quarkus-For-Architects-03.html' not found.
[2022-10-02 13:14:00] ERROR `/blog post/quarkus series/2022/09/10/Quarkus-For-Architects-03.html' not found.
      Regenerating: 1 file(s) changed at 2022-10-02 13:14:35
                    _drafts/2022-10-02-Quarkus-For-Architects-03.md
[33m        Pagination: Pagination is enabled, but I couldn't find an index.html page to use as the pagination template. Skipping pagination.[0m
       Jekyll Feed: Generating feed for posts
                    ...done in 2.31748 seconds.
                    
      Regenerating: 1 file(s) changed at 2022-10-02 13:14:49
                    _drafts/2022-10-02-Quarkus-For-Architects-03.md
[33m        Pagination: Pagination is enabled, but I couldn't find an index.html page to use as the pagination template. Skipping pagination.[0m
       Jekyll Feed: Generating feed for posts
                    ...done in 2.320405 seconds.
                    
      Regenerating: 1 file(s) changed at 2022-10-02 14:17:53
                    _drafts/2022-10-02-Quarkus-For-Architects-03.md
[33m        Pagination: Pagination is enabled, but I couldn't find an index.html page to use as the pagination template. Skipping pagination.[0m
       Jekyll Feed: Generating feed for posts
                    ...done in 2.333502 seconds.
                    
